<?xml version="1.0" encoding="UTF-8"?>
<!-- Generated by org.testng.reporters.JUnitReportReporter -->
<testsuite skipped="0" hostname="eelpt-279" name="TestClass1" tests="1" failures="0" timestamp="2019-11-27T12:28:17 EET" time="9.231" errors="0">
  <testcase name="Test1" time="9.231" classname="TestClass1"/>
</testsuite> <!-- TestClass1 -->
